Arguments: 
  /usr/bin/node /usr/share/yarn/bin/yarn.js add react-dnd react-dnd-html5-backen

PATH: 
  /home/ch/.local/bin:/home/ch/go/bin:/usr/local/go/bin:/home/ch/.rbenv/plugins/ruby-build/bin:/home/ch/.rbenv/shims:/home/ch/.rbenv/bin:/usr/local/sbin:/usr/local/bin:/usr/sbin:/usr/bin:/sbin:/bin:/usr/games:/usr/local/games:/usr/lib/wsl/lib:/mnt/c/Program Files (x86)/Microsoft SDKs/Azure/CLI2/wbin:/mnt/c/Program Files/Eclipse Foundation/jdk-8.0.302.8-hotspot/bin:/mnt/c/Program Files/Common Files/Oracle/Java/javapath:/mnt/c/Program Files (x86)/Common Files/Oracle/Java/javapath:/mnt/c/WINDOWS/system32:/mnt/c/WINDOWS:/mnt/c/WINDOWS/System32/Wbem:/mnt/c/WINDOWS/System32/WindowsPowerShell/v1.0/:/mnt/c/WINDOWS/System32/OpenSSH/:/mnt/c/Program Files/Git/cmd:/mnt/c/ProgramData/chocolatey/bin:/mnt/c/php:/mnt/c/ProgramData/ComposerSetup/bin:/mnt/c/Program Files/Java/jdk-18.0.2.1/bin:/mnt/c/Program Files/OpenSSL-Win64/bin:/mnt/c/Program Files/dotnet/:/mnt/c/Program Files (x86)/Microsoft SQL Server/160/DTS/Binn/:/mnt/c/Program Files/Azure Data Studio/bin:/mnt/c/Program Files/Microsoft SQL Server/130/Tools/Binn/:/mnt/c/Program Files/Microsoft SQL Server/Client SDK/ODBC/170/Tools/Binn/:/mnt/c/Program Files (x86)/Microsoft SQL Server/150/Tools/Binn/:/mnt/c/Program Files/Microsoft SQL Server/150/Tools/Binn/:/mnt/c/Program Files/Microsoft SQL Server/150/DTS/Binn/:/mnt/c/Program Files/nodejs/:/mnt/c/Program Files/Go/bin:/mnt/c/sqlite3:/mnt/c/Program Files/Amazon/AWSCLIV2/:/mnt/c/src/flutter/bin:/mnt/c/Program Files/Docker/Docker/resources/bin:/mnt/c/ProgramData/DockerDesktop/version-bin:/mnt/c/WINDOWS/system32:/mnt/c/WINDOWS:/mnt/c/WINDOWS/System32/Wbem:/mnt/c/WINDOWS/System32/WindowsPowerShell/v1.0/:/mnt/c/WINDOWS/System32/OpenSSH/:/mnt/c/Ruby31-x64/bin:/mnt/c/Users/chawk/scoop/shims:/mnt/c/Users/chawk/AppData/Local/Programs/Python/Python310/Scripts/:/mnt/c/Users/chawk/AppData/Local/Programs/Python/Python310/:/mnt/c/Users/chawk/AppData/Local/Microsoft/WindowsApps:/mnt/c/Users/chawk/AppData/Roaming/Composer/vendor/bin:/mnt/c/Program Files/JetBrains/PyCharm Community Edition 2022.2.1/bin:/mnt/c/Program Files/JetBrains/IntelliJ IDEA Community Edition 2022.2.1/bin:/mnt/c/Users/chawk/AppData/Local/Programs/Microsoft VS Code/bin:/mnt/c/Program Files/heroku/bin:/mnt/c/Users/chawk/.dotnet/tools:/mnt/c/Program Files/MySQL/MySQL Server 8.0/bin:/mnt/c/Program Files/PostgreSQL/14/bin:/mnt/c/Users/chawk/AppData/Local/Programs/Python/Python310:/mnt/c/Users/chawk/AppData/Roaming/npm:/mnt/c/tools/ruby31/bin:/mnt/c/Users/chawk/go/bin:/mnt/c/Program Files/MongoDB/Server/6.0/bin:/mnt/c/Program Files/JetBrains/PhpStorm 2017.1.1/bin:/mnt/c/Users/chawk/AppData/Local/Android/Sdk/platform-tools:/mnt/c/Users/chawk:/mnt/c/Users/chawk/AppData/Local/atom/app-1.60.0:/mnt/c/minggwcompiler/bin:/snap/bin:/opt/jdk-18/bin

Yarn version: 
  1.22.19

Node version: 
  16.17.1

Platform: 
  linux x64

Trace: 
  Error: https://registry.yarnpkg.com/react-dnd-html5-backen: Not found
      at Request.params.callback [as _callback] (/usr/share/yarn/lib/cli.js:66145:18)
      at Request.self.callback (/usr/share/yarn/lib/cli.js:140890:22)
      at Request.emit (node:events:513:28)
      at Request.<anonymous> (/usr/share/yarn/lib/cli.js:141862:10)
      at Request.emit (node:events:513:28)
      at IncomingMessage.<anonymous> (/usr/share/yarn/lib/cli.js:141784:12)
      at Object.onceWrapper (node:events:627:28)
      at IncomingMessage.emit (node:events:525:35)
      at endReadableNT (node:internal/streams/readable:1358:12)
      at processTicksAndRejections (node:internal/process/task_queues:83:21)

npm manifest: 
  {
    "name": "elastic-watch",
    "private": true,
    "version": "1.0.0",
    "license": "",
    "author": "https://tndev-art.com/",
    "homepage": ".",
    "scripts": {
      "dev": "vite",
      "build": "tsc && vite build",
      "preview": "vite preview"
    },
    "dependencies": {
      "@ant-design/charts": "^1.4.2",
      "@ant-design/flowchart": "^1.2.1",
      "@ant-design/graphs": "^1.2.7",
      "@ant-design/icons": "^4.7.0",
      "@ant-design/maps": "^1.0.4",
      "@ant-design/plots": "^1.2.2",
      "@reduxjs/toolkit": "^1.8.4",
      "@types/lodash": "^4.14.185",
      "@types/react-router-dom": "^5.3.3",
      "antd": "^4.22.5",
      "apexcharts": "^3.35.5",
      "axios": "^0.27.2",
      "date-fns": "^2.29.3",
      "leaflet": "^1.8.0",
      "leaflet-draw": "^1.0.4",
      "lodash": "^4.17.21",
      "react": "^18.0.0",
      "react-apexcharts": "^1.4.0",
      "react-dom": "^18.0.0",
      "react-intl": "^6.0.5",
      "react-leaflet": "^4.0.2",
      "react-redux": "^8.0.2",
      "react-router-dom": "^6.3.0",
      "socket.io-client": "^4.5.2"
    },
    "devDependencies": {
      "@types/jest": "^28.1.7",
      "@types/leaflet": "^1.8.0",
      "@types/node": "^18.7.21",
      "@types/react": "^18.0.17",
      "@types/react-dom": "^18.0.6",
      "@types/react-leaflet": "^2.8.2",
      "@types/tailwindcss": "^3.0.10",
      "@vitejs/plugin-react": "^1.3.0",
      "autoprefixer": "^10.4.4",
      "less": "^4.1.2",
      "postcss": "^8.4.12",
      "tailwindcss": "^3.0.24",
      "type-graphql": "^1.1.1",
      "typescript": "^4.6.3",
      "vite": "^2.9.2",
      "vite-plugin-imp": "^2.1.7"
    }
  }

yarn manifest: 
  No manifest

Lockfile: 
  No lockfile
